0 info it worked if it ends with ok
1 verbose cli [ 'C:\\Program Files\\nodejs\\node.exe',
1 verbose cli   'C:\\Program Files\\nodejs\\node_modules\\npm\\bin\\npm-cli.js',
1 verbose cli   'run',
1 verbose cli   'start-android-bundle' ]
2 info using npm@3.10.8
3 info using node@v6.9.1
4 verbose run-script [ 'prestart-android-bundle',
4 verbose run-script   'start-android-bundle',
4 verbose run-script   'poststart-android-bundle' ]
5 info lifecycle @~prestart-android-bundle: @
6 verbose lifecycle @~prestart-android-bundle: unsafe-perm in lifecycle true
7 verbose lifecycle @~prestart-android-bundle: PATH: C:\Program Files\nodejs\node_modules\npm\bin\node-gyp-bin;C:\Users\svlaeva\testtests\lazyNinjas\node_modules\.bin;C:\Users\svlaeva\bin;C:\Users\svlaeva\cmder\bin;C:\Program Files\Git\bin;C:\Users\svlaeva\cmder\vendor\git-for-windows\mingw32\bin;C:\Users\svlaeva\cmder\vendor\git-for-windows\usr\local\bin;C:\Users\svlaeva\cmder\vendor\git-for-windows\usr\bin;C:\Users\svlaeva\cmder\vendor\git-for-windows\usr\bin;C:\Users\svlaeva\cmder\vendor\git-for-windows\mingw32\bin;C:\Users\svlaeva\cmder\vendor\git-for-windows\usr\bin;C:\Users\svlaeva\bin;C:\Users\svlaeva\cmder\vendor\conemu-maximus5\ConEmu\Scripts;C:\Users\svlaeva\cmder\vendor\conemu-maximus5;C:\Users\svlaeva\cmder\vendor\conemu-maximus5\ConEmu;C:\Windows\system32;C:\Windows;C:\Windows\System32\Wbem;C:\Windows\System32\WindowsPowerShell\v1.0;C:\Windows\CCM;C:\Users\svlaeva\.dnx\bin;C:\Program Files\Microsoft DNX\Dnvm;C:\Program Files\Microsoft SQL Server\130\Tools\Binn;C:\Program Files\Microsoft SQL Server\120\DTS\Binn;C:\Program Files\Microsoft SQL Server\Client SDK\ODBC\110\Tools\Binn;C:\Program Files (x86)\Microsoft SQL Server\120\Tools\Binn;C:\Program Files\Microsoft SQL Server\120\Tools\Binn;C:\Program Files (x86)\Microsoft SQL Server\120\Tools\Binn\ManagementStudio;C:\Program Files (x86)\Microsoft SQL Server\120\DTS\Binn;C:\Program Files\Git\cmd;C:\Program Files\Git\mingw64\bin;C:\Program Files\Git\usr\bin;C:\ProgramData\chocolatey\bin;C:\Program Files\Java\jdk1.8.0_102\bin;C:\Program Files\nodejs;C:\Users\svlaeva\AppData\Local\Programs\Python\Python35-32\Scripts;C:\Users\svlaeva\AppData\Local\Programs\Python\Python35-32;C:\Program Files (x86)\Microsoft VS Code\bin;C:\Users\svlaeva\AppData\Local\Android\android-sdk\tools;C:\Users\svlaeva\AppData\Local\Android\android-sdk\platform-tools;C:\Users\svlaeva\AppData\Roaming\npm;C:\Users\svlaeva\cmder;C:\Users\svlaeva\cmder\vendor\git-for-windows\usr\bin\vendor_perl;C:\Users\svlaeva\cmder\vendor\git-for-windows\usr\bin\core_perl
8 verbose lifecycle @~prestart-android-bundle: CWD: C:\Users\svlaeva\testtests\lazyNinjas
9 silly lifecycle @~prestart-android-bundle: Args: [ '/d /s /c', 'npm run webpack-android' ]
10 silly lifecycle @~prestart-android-bundle: Returned: code: 0  signal: null
11 info lifecycle @~start-android-bundle: @
12 verbose lifecycle @~start-android-bundle: unsafe-perm in lifecycle true
13 verbose lifecycle @~start-android-bundle: PATH: C:\Program Files\nodejs\node_modules\npm\bin\node-gyp-bin;C:\Users\svlaeva\testtests\lazyNinjas\node_modules\.bin;C:\Users\svlaeva\bin;C:\Users\svlaeva\cmder\bin;C:\Program Files\Git\bin;C:\Users\svlaeva\cmder\vendor\git-for-windows\mingw32\bin;C:\Users\svlaeva\cmder\vendor\git-for-windows\usr\local\bin;C:\Users\svlaeva\cmder\vendor\git-for-windows\usr\bin;C:\Users\svlaeva\cmder\vendor\git-for-windows\usr\bin;C:\Users\svlaeva\cmder\vendor\git-for-windows\mingw32\bin;C:\Users\svlaeva\cmder\vendor\git-for-windows\usr\bin;C:\Users\svlaeva\bin;C:\Users\svlaeva\cmder\vendor\conemu-maximus5\ConEmu\Scripts;C:\Users\svlaeva\cmder\vendor\conemu-maximus5;C:\Users\svlaeva\cmder\vendor\conemu-maximus5\ConEmu;C:\Windows\system32;C:\Windows;C:\Windows\System32\Wbem;C:\Windows\System32\WindowsPowerShell\v1.0;C:\Windows\CCM;C:\Users\svlaeva\.dnx\bin;C:\Program Files\Microsoft DNX\Dnvm;C:\Program Files\Microsoft SQL Server\130\Tools\Binn;C:\Program Files\Microsoft SQL Server\120\DTS\Binn;C:\Program Files\Microsoft SQL Server\Client SDK\ODBC\110\Tools\Binn;C:\Program Files (x86)\Microsoft SQL Server\120\Tools\Binn;C:\Program Files\Microsoft SQL Server\120\Tools\Binn;C:\Program Files (x86)\Microsoft SQL Server\120\Tools\Binn\ManagementStudio;C:\Program Files (x86)\Microsoft SQL Server\120\DTS\Binn;C:\Program Files\Git\cmd;C:\Program Files\Git\mingw64\bin;C:\Program Files\Git\usr\bin;C:\ProgramData\chocolatey\bin;C:\Program Files\Java\jdk1.8.0_102\bin;C:\Program Files\nodejs;C:\Users\svlaeva\AppData\Local\Programs\Python\Python35-32\Scripts;C:\Users\svlaeva\AppData\Local\Programs\Python\Python35-32;C:\Program Files (x86)\Microsoft VS Code\bin;C:\Users\svlaeva\AppData\Local\Android\android-sdk\tools;C:\Users\svlaeva\AppData\Local\Android\android-sdk\platform-tools;C:\Users\svlaeva\AppData\Roaming\npm;C:\Users\svlaeva\cmder;C:\Users\svlaeva\cmder\vendor\git-for-windows\usr\bin\vendor_perl;C:\Users\svlaeva\cmder\vendor\git-for-windows\usr\bin\core_perl
14 verbose lifecycle @~start-android-bundle: CWD: C:\Users\svlaeva\testtests\lazyNinjas
15 silly lifecycle @~start-android-bundle: Args: [ '/d /s /c', 'tns run android --bundle --disable-npm-install' ]
16 info lifecycle @~start-android-bundle: Failed to exec start-android-bundle script
17 verbose stack Error: @ start-android-bundle: `tns run android --bundle --disable-npm-install`
17 verbose stack spawn ENOENT
17 verbose stack     at ChildProcess.<anonymous> (C:\Program Files\nodejs\node_modules\npm\lib\utils\spawn.js:33:16)
17 verbose stack     at emitTwo (events.js:106:13)
17 verbose stack     at ChildProcess.emit (events.js:191:7)
17 verbose stack     at maybeClose (internal/child_process.js:877:16)
17 verbose stack     at Process.ChildProcess._handle.onexit (internal/child_process.js:226:5)
18 verbose pkgid @
19 verbose cwd C:\Users\svlaeva\testtests\lazyNinjas
20 error Windows_NT 10.0.10586
21 error argv "C:\\Program Files\\nodejs\\node.exe" "C:\\Program Files\\nodejs\\node_modules\\npm\\bin\\npm-cli.js" "run" "start-android-bundle"
22 error node v6.9.1
23 error npm  v3.10.8
24 error file C:\Windows\system32\cmd.exe
25 error code ELIFECYCLE
26 error errno ENOENT
27 error syscall spawn
28 error @ start-android-bundle: `tns run android --bundle --disable-npm-install`
28 error spawn ENOENT
29 error Failed at the @ start-android-bundle script 'tns run android --bundle --disable-npm-install'.
29 error Make sure you have the latest version of node.js and npm installed.
29 error If you do, this is most likely a problem with the  package,
29 error not with npm itself.
29 error Tell the author that this fails on your system:
29 error     tns run android --bundle --disable-npm-install
29 error You can get information on how to open an issue for this project with:
29 error     npm bugs
29 error Or if that isn't available, you can get their info via:
29 error     npm owner ls
29 error There is likely additional logging output above.
30 verbose exit [ 1, true ]
